<?xml version="1.0" encoding="utf-8"?><testsuites name="pytest tests"><testsuite name="pytest" errors="0" failures="0" skipped="0" tests="14" time="4.258" timestamp="2026-07-18T18:44:29.690488+00:00" hostname="agent-env-b8c2038d-3cb5-4bc1-9730-fce4ed503e93"><testcase classname="tests.backend_test" name="test_root" time="0.282" /><testcase classname="tests.backend_test" name="test_login_success_sets_cookie" time="0.312" /><testcase classname="tests.backend_test" name="test_login_wrong_password" time="0.328" /><testcase classname="tests.backend_test" name="test_me_with_cookie_only" time="0.463" /><testcase classname="tests.backend_test" name="test_me_without_auth" time="0.102" /><testcase classname="tests.backend_test" name="test_logout_clears_cookie" time="0.418" /><testcase classname="tests.backend_test" name="test_bearer_fallback" time="0.508" /><testcase classname="tests.backend_test" name="test_public_endpoints[/api/news]" time="0.096" /><testcase classname="tests.backend_test" name="test_public_endpoints[/api/events]" time="0.091" /><testcase classname="tests.backend_test" name="test_public_endpoints[/api/gallery]" time="0.107" /><testcase classname="tests.backend_test" name="test_public_endpoints[/api/testimonials]" time="0.078" /><testcase classname="tests.backend_test" name="test_public_endpoints[/api/achievements]" time="0.110" /><testcase classname="tests.backend_test" name="test_create_admission_and_visible_to_admin" time="0.491" /><testcase classname="tests.backend_test" name="test_admin_create_news" time="0.521" /></testsuite></testsuites>